January 17, 2024, 8:42 am
----------- DATA -------------
Array
(
    [name] => test
    [phone] => +23124124124214
    [offerId] => 0e1993ed-5291-4258-b10b-1b7148c73391
    [domain] => http://egfdxcvbn.shop/lander/easytox-cr-1/lemon.php
    [ip] => 46.173.57.42
    [utm_campaign] => {{campaign.name}}
    [utm_content] => 
    [utm_medium] => 
    [utm_source] => {{site_source_name}}
    [utm_term] => 
    [clickid] => 1ametei839tg
    [fbpxl] => 
)

----------- RESPONSE ---------
{"localClickId":"f25d4b7e-2738-4510-b4f3-2d9898aa88f5","result":"ok"}
----------- END --------------
January 17, 2024, 8:49 am
----------- DATA -------------
Array
(
    [name] => test
    [phone] => +89098098098
    [offerId] => 0e1993ed-5291-4258-b10b-1b7148c73391
    [domain] => http://egfdxcvbn.shop/lander/easytox-cr-1/lemon.php
    [ip] => 46.173.57.42
    [utm_campaign] => {{campaign.name}}
    [utm_content] => 
    [utm_medium] => 
    [utm_source] => {{site_source_name}}
    [utm_term] => 
    [clickid] => 1ametei83ag0
    [fbpxl] => 
)

----------- RESPONSE ---------
{"localClickId":"b1c306cb-516c-48d1-b72b-45f3c7c73ee5","result":"ok"}
----------- END --------------
January 17, 2024, 8:52 am
----------- DATA -------------
Array
(
    [name] => test
    [phone] => +8909809809823
    [offerId] => 0e1993ed-5291-4258-b10b-1b7148c73391
    [domain] => http://egfdxcvbn.shop/lander/easytox-cr-1/lemon.php
    [ip] => 46.173.57.42
    [utm_campaign] => {{campaign.name}}
    [utm_content] => 
    [utm_medium] => 
    [utm_source] => {{site_source_name}}
    [utm_term] => 
    [clickid] => 1ametei83aot
    [fbpxl] => 
)

----------- RESPONSE ---------
{"localClickId":"59844061-ad84-40ff-8622-59b0e1908962","result":"ok"}
----------- END --------------
January 17, 2024, 5:27 pm
----------- DATA -------------
Array
(
    [name] => Victor Julio cerdas F
    [phone] => 83411033
    [offerId] => 0e1993ed-5291-4258-b10b-1b7148c73391
    [domain] => http://sfgvrghdx1.shop/lander/easytox-cr-1/lemon.php
    [ip] => 201.191.199.45
    [utm_campaign] => 
    [utm_content] => 
    [utm_medium] => 
    [utm_source] => ig
    [utm_term] => 
    [clickid] => 31b1b7e84qda
    [fbpxl] => 
)

----------- RESPONSE ---------
{"localClickId":"6ebd3f40-6ba8-4123-a3d4-7a25edd2153d","result":"ok"}
----------- END --------------
January 17, 2024, 7:26 pm
----------- DATA -------------
Array
(
    [name] => Eduardo
    [phone] => 50688908843
    [offerId] => 0e1993ed-5291-4258-b10b-1b7148c73391
    [domain] => http://sfgvrghdx1.shop/lander/easytox-cr-1/lemon.php
    [ip] => 190.211.117.220
    [utm_campaign] => Etox 17/10/1
    [utm_content] => 
    [utm_medium] => 
    [utm_source] => fb
    [utm_term] => 
    [clickid] => 29rc9mm854ua
    [fbpxl] => 
)

----------- RESPONSE ---------
{"localClickId":"d69cbdee-382c-4bb5-a2bd-870b3c0b7723","result":"ok"}
----------- END --------------
January 17, 2024, 8:45 pm
----------- DATA -------------
Array
(
    [name] => Jose Ricardo Muñoz Jimenez
    [phone] => 88464399
    [offerId] => 0e1993ed-5291-4258-b10b-1b7148c73391
    [domain] => http://sfgvrghdx1.shop/lander/easytox-cr-1/lemon.php
    [ip] => 201.191.254.81
    [utm_campaign] => Etox 17/10/1
    [utm_content] => 
    [utm_medium] => 
    [utm_source] => fb
    [utm_term] => 
    [clickid] => 3753qa6859g1
    [fbpxl] => 
)

----------- RESPONSE ---------
{"localClickId":"6936052b-54f8-4b37-b212-841744bcaf1a","result":"ok"}
----------- END --------------
January 17, 2024, 11:51 pm
----------- DATA -------------
Array
(
    [name] => Joel Flores Sánchez
    [phone] => 83525966
    [offerId] => 0e1993ed-5291-4258-b10b-1b7148c73391
    [domain] => http://sfgvrghdx1.shop/lander/easytox-cr-1/lemon.php
    [ip] => 200.119.187.87
    [utm_campaign] => Etox 17/10/1
    [utm_content] => 
    [utm_medium] => 
    [utm_source] => fb
    [utm_term] => 
    [clickid] => 13k6gne85jnv
    [fbpxl] => 
)

----------- RESPONSE ---------
{"localClickId":"520338f5-74e3-4a7d-b6ba-9433a70c38fc","result":"ok"}
----------- END --------------
