January 18, 2024, 3:25 am
----------- DATA -------------
Array
(
    [name] => Miguel Angel Briceño Pizarro
    [phone] => 646490710
    [offerId] => 0e1993ed-5291-4258-b10b-1b7148c73391
    [domain] => http://sfgvrghdx1.shop/lander/easytox-cr-1/lemon.php
    [ip] => 200.119.184.188
    [utm_campaign] => Etox 17/10/1
    [utm_content] => 
    [utm_medium] => 
    [utm_source] => fb
    [utm_term] => 
    [clickid] => p6jjak85p00
    [fbpxl] => 
)

----------- RESPONSE ---------
{"localClickId":"2adf2922-949b-4643-aca3-0d6f2439f585","result":"ok"}
----------- END --------------
January 18, 2024, 3:53 am
----------- DATA -------------
Array
(
    [name] => Xinia Gamboa Loría
    [phone] => 87021934
    [offerId] => 0e1993ed-5291-4258-b10b-1b7148c73391
    [domain] => http://sfgvrghdx1.shop/lander/easytox-cr-1/lemon.php
    [ip] => 201.200.140.144
    [utm_campaign] => Etox 17/10/1
    [utm_content] => 
    [utm_medium] => 
    [utm_source] => fb
    [utm_term] => 
    [clickid] => 3mlp9bv85q2a
    [fbpxl] => 
)

----------- RESPONSE ---------
{"localClickId":"3479339c-02e7-44b5-a68c-1af50b16a7ef","result":"ok"}
----------- END --------------
January 18, 2024, 10:28 am
----------- DATA -------------
Array
(
    [name] => Martin Alejandro Ramírez
    [phone] => 7027-2306
    [offerId] => 0e1993ed-5291-4258-b10b-1b7148c73391
    [domain] => http://sfgvrghdx1.shop/lander/easytox-cr-1/lemon.php
    [ip] => 190.110.228.135
    [utm_campaign] => Etox 17/10/1
    [utm_content] => 
    [utm_medium] => 
    [utm_source] => fb
    [utm_term] => 
    [clickid] => frao286hi7
    [fbpxl] => 
)

----------- RESPONSE ---------
{"localClickId":"0b3f5318-842d-42d5-9c15-7243ea20c934","result":"ok"}
----------- END --------------
January 18, 2024, 11:38 am
----------- DATA -------------
Array
(
    [name] => Alvarado
    [phone] => 86234595
    [offerId] => 0e1993ed-5291-4258-b10b-1b7148c73391
    [domain] => http://sfgvrghdx1.shop/lander/easytox-cr-1/lemon.php
    [ip] => 190.113.103.137
    [utm_campaign] => Etox 17/10/1
    [utm_content] => 
    [utm_medium] => 
    [utm_source] => fb
    [utm_term] => 
    [clickid] => 38qih8186lg0
    [fbpxl] => 
)

----------- RESPONSE ---------
{"localClickId":"0759830e-7f36-411c-a93e-581a2ca748bd","result":"ok"}
----------- END --------------
January 18, 2024, 1:08 pm
----------- DATA -------------
Array
(
    [name] => Jose
    [phone] => 62899667
    [offerId] => 0e1993ed-5291-4258-b10b-1b7148c73391
    [domain] => http://sfgvrghdx1.shop/lander/easytox-cr-1/lemon.php
    [ip] => 186.15.204.180
    [utm_campaign] => Etox 17/10/1
    [utm_content] => 
    [utm_medium] => 
    [utm_source] => fb
    [utm_term] => 
    [clickid] => lcf75p86th7
    [fbpxl] => 
)

----------- RESPONSE ---------
{"localClickId":"6de98f33-c9b0-4057-9171-d5620f2b9bd3","result":"ok"}
----------- END --------------
